8
14
7
0

2
2 2 
20
0 2 0 0 0 0 0 0 0 0 0 0 0 0 0 0 0 0 0 0 
 4
0

1
5 
18
0 1 0 0 0 0 0 0 0 0 0 0 0 0 0 0 0 0 
 6
0

0

18
0 0 0 0 0 0 0 0 0 0 0 0 0 0 0 0 0 0 
 7
0

1
7 
17
0 1 0 0 0 0 0 0 0 0 0 0 0 0 0 0 0 
 5
0

0

9
0 0 0 0 0 0 0 0 0 
 6
0

1
7 
18
0 1 0 0 0 0 0 0 0 0 0 0 0 0 0 0 0 0 
 1
0

0

16
0 0 0 0 0 0 0 0 0 0 0 0 0 0 0 0 
 4
0

2
1 5 
19
0 2 0 0 0 0 0 0 0 0 0 0 0 0 0 0 0 0 0 
 5
0

1
3 
12
0 0 1 0 0 0 0 0 0 0 0 0 
 6
0

0

1
0 
 4
0

1
4 
7
0 1 0 0 0 0 0 
 5
0

1
4 
7
0 1 0 0 0 0 0 
 6
0

2
7 1 
8
0 1 0 0 1 0 0 0 
 7
0

1
4 
5
0 1 0 0 0 
 
11
6
0

0

18
0 0 0 0 0 0 0 0 0 0 0 0 0 0 0 0 0 0 
 2
0

0

16
0 0 0 0 0 0 0 0 0 0 0 0 0 0 0 0 
 2
0

0

16
0 0 0 0 0 0 0 0 0 0 0 0 0 0 0 0 
 6
0

0

18
0 0 0 0 0 0 0 0 0 0 0 0 0 0 0 0 0 0 
 6
0

0

18
0 0 0 0 0 0 0 0 0 0 0 0 0 0 0 0 0 0 
 4
0

1
2 
18
0 1 0 0 0 0 0 0 0 0 0 0 0 0 0 0 0 0 
 7
0

4
6 3 0 3 
20
0 2 2 0 0 0 0 0 0 0 0 0 0 0 0 0 0 0 0 0 
 7
0

0

14
0 0 0 0 0 0 0 0 0 0 0 0 0 0 
 0
0

4
2 7 6 5 
16
0 2 1 1 0 0 0 0 0 0 0 0 0 0 0 0 
 0
0

0

1
0 
 4
0

1
5 
5
0 1 0 0 0 
 
14
0
0

0

19
0 0 0 0 0 0 0 0 0 0 0 0 0 0 0 0 0 0 0 
 5
0

2
1 1 
17
0 2 0 0 0 0 0 0 0 0 0 0 0 0 0 0 0 
 3
0

0

19
0 0 0 0 0 0 0 0 0 0 0 0 0 0 0 0 0 0 0 
 6
0

0

19
0 0 0 0 0 0 0 0 0 0 0 0 0 0 0 0 0 0 0 
 1
0

0

14
0 0 0 0 0 0 0 0 0 0 0 0 0 0 
 4
0

0

17
0 0 0 0 0 0 0 0 0 0 0 0 0 0 0 0 0 
 0
0

0

18
0 0 0 0 0 0 0 0 0 0 0 0 0 0 0 0 0 0 
 4
0

0

17
0 0 0 0 0 0 0 0 0 0 0 0 0 0 0 0 0 
 7
0

7
3 5 7 4 6 7 7 
21
0 4 1 0 2 0 0 0 0 0 0 0 0 0 0 0 0 0 0 0 0 
 1
0

0

14
0 0 0 0 0 0 0 0 0 0 0 0 0 0 
 3
0

0

6
0 0 0 0 0 0 
 4
0

1
6 
9
0 0 1 0 0 0 0 0 0 
 4
0

0

1
0 
 6
0

2
7 3 
9
0 1 0 0 0 1 0 0 0 
 
15
7
0

1
2 
21
0 1 0 0 0 0 0 0 0 0 0 0 0 0 0 0 0 0 0 0 0 
 2
0

0

18
0 0 0 0 0 0 0 0 0 0 0 0 0 0 0 0 0 0 
 1
0

0

18
0 0 0 0 0 0 0 0 0 0 0 0 0 0 0 0 0 0 
 5
0

0

15
0 0 0 0 0 0 0 0 0 0 0 0 0 0 0 
 6
0

1
5 
18
0 1 0 0 0 0 0 0 0 0 0 0 0 0 0 0 0 0 
 1
0

0

16
0 0 0 0 0 0 0 0 0 0 0 0 0 0 0 0 
 7
0

0

9
0 0 0 0 0 0 0 0 0 
 4
0

0

13
0 0 0 0 0 0 0 0 0 0 0 0 0 
 6
0

1
6 
13
0 0 1 0 0 0 0 0 0 0 0 0 0 
 5
0

1
4 
12
0 0 1 0 0 0 0 0 0 0 0 0 
 0
0

1
2 
8
0 1 0 0 0 0 0 0 
 5
0

3
6 7 4 
12
0 1 1 0 1 0 0 0 0 0 0 0 
 5
0

1
7 
5
0 1 0 0 0 
 5
0

0

5
0 0 0 0 0 
 2
0

0

1
0 
 
15
7
0

2
1 2 
20
0 2 0 0 0 0 0 0 0 0 0 0 0 0 0 0 0 0 0 0 
 7
0

4
2 0 7 0 
20
0 4 0 0 0 0 0 0 0 0 0 0 0 0 0 0 0 0 0 0 
 2
0

4
7 6 5 3 
17
0 2 1 1 0 0 0 0 0 0 0 0 0 0 0 0 0 
 5
0

0

8
0 0 0 0 0 0 0 0 
 6
0

2
6 7 
13
0 1 0 0 1 0 0 0 0 0 0 0 0 
 3
0

0

6
0 0 0 0 0 0 
 7
0

2
0 2 
11
0 2 0 0 0 0 0 0 0 0 0 
 0
0

0

6
0 0 0 0 0 0 
 7
0

0

1
0 
 0
0

0

7
0 0 0 0 0 0 0 
 3
0

0

7
0 0 0 0 0 0 0 
 5
0

2
2 1 
5
0 2 0 0 0 
 5
0

0

5
0 0 0 0 0 
 0
0

0

1
0 
 7
0

0

1
0 
 
19
7
0

2
2 6 
20
0 2 0 0 0 0 0 0 0 0 0 0 0 0 0 0 0 0 0 0 
 6
0

0

16
0 0 0 0 0 0 0 0 0 0 0 0 0 0 0 0 
 0
0

0

16
0 0 0 0 0 0 0 0 0 0 0 0 0 0 0 0 
 7
0

0

18
0 0 0 0 0 0 0 0 0 0 0 0 0 0 0 0 0 0 
 6
0

1
0 
18
0 0 0 1 0 0 0 0 0 0 0 0 0 0 0 0 0 0 
 2
0

1
3 
17
0 1 0 0 0 0 0 0 0 0 0 0 0 0 0 0 0 
 3
0

0

15
0 0 0 0 0 0 0 0 0 0 0 0 0 0 0 
 6
0

0

16
0 0 0 0 0 0 0 0 0 0 0 0 0 0 0 0 
 6
0

0

16
0 0 0 0 0 0 0 0 0 0 0 0 0 0 0 0 
 6
0

0

14
0 0 0 0 0 0 0 0 0 0 0 0 0 0 
 7
0

0

13
0 0 0 0 0 0 0 0 0 0 0 0 0 
 6
0

0

13
0 0 0 0 0 0 0 0 0 0 0 0 0 
 6
0

0

11
0 0 0 0 0 0 0 0 0 0 0 
 7
0

1
6 
13
0 1 0 0 0 0 0 0 0 0 0 0 0 
 4
0

1
4 
14
0 0 1 0 0 0 0 0 0 0 0 0 0 0 
 0
0

4
0 3 3 0 
16
0 3 1 0 0 0 0 0 0 0 0 0 0 0 0 0 
 1
0

2
3 4 
9
0 2 0 0 0 0 0 0 0 
 1
0

0

5
0 0 0 0 0 
 6
0

2
4 3 
8
0 2 0 0 0 0 0 0 
 
14
7
0

4
1 1 1 2 
20
0 4 0 0 0 0 0 0 0 0 0 0 0 0 0 0 0 0 0 0 
 5
0

0

19
0 0 0 0 0 0 0 0 0 0 0 0 0 0 0 0 0 0 0 
 1
0

1
5 
18
0 1 0 0 0 0 0 0 0 0 0 0 0 0 0 0 0 0 
 7
0

7
0 5 0 3 5 5 5 
21
0 4 2 1 0 0 0 0 0 0 0 0 0 0 0 0 0 0 0 0 0 
 7
0

0

13
0 0 0 0 0 0 0 0 0 0 0 0 0 
 2
0

2
5 5 
15
0 1 1 0 0 0 0 0 0 0 0 0 0 0 0 
 5
0

0

12
0 0 0 0 0 0 0 0 0 0 0 0 
 4
0

3
7 3 4 
15
0 3 0 0 0 0 0 0 0 0 0 0 0 0 0 
 3
0

0

9
0 0 0 0 0 0 0 0 0 
 4
0

0

11
0 0 0 0 0 0 0 0 0 0 0 
 7
0

1
0 
8
0 0 1 0 0 0 0 0 
 1
0

2
7 0 
10
0 2 0 0 0 0 0 0 0 0 
 2
0

0

1
0 
 3
0

2
2 5 
11
0 2 0 0 0 0 0 0 0 0 0 
 
16
-1
0

11
4 0 6 3 5 1 4 6 2 5 0 
22
0 9 1 1 0 0 0 0 0 0 0 0 0 0 0 0 0 0 0 0 0 0 
 0
0

0

15
0 0 0 0 0 0 0 0 0 0 0 0 0 0 0 
 0
0

0

16
0 0 0 0 0 0 0 0 0 0 0 0 0 0 0 0 
 4
0

0

18
0 0 0 0 0 0 0 0 0 0 0 0 0 0 0 0 0 0 
 2
0

2
6 5 
18
0 0 2 0 0 0 0 0 0 0 0 0 0 0 0 0 0 0 
 4
0

2
1 5 
15
0 2 0 0 0 0 0 0 0 0 0 0 0 0 0 
 6
0

1
3 
12
0 1 0 0 0 0 0 0 0 0 0 0 
 2
0

0

13
0 0 0 0 0 0 0 0 0 0 0 0 0 
 2
0

0

14
0 0 0 0 0 0 0 0 0 0 0 0 0 0 
 4
0

0

1
0 
 1
0

2
4 6 
13
0 2 0 0 0 0 0 0 0 0 0 0 0 
 6
0

1
4 
7
0 0 1 0 0 0 0 
 0
0

0

1
0 
 3
0

0

8
0 0 0 0 0 0 0 0 
 3
0

0

6
0 0 0 0 0 0 
 2
0

2
0 4 
7
0 1 0 1 0 0 0 
 
