5
24
4
0

4
3 3 3 3 
20
0 4 0 0 0 0 0 0 0 0 0 0 0 0 0 0 0 0 0 0 
 3
0

0

19
0 0 0 0 0 0 0 0 0 0 0 0 0 0 0 0 0 0 0 
 1
0

0

18
0 0 0 0 0 0 0 0 0 0 0 0 0 0 0 0 0 0 
 3
0

2
1 1 
18
0 2 0 0 0 0 0 0 0 0 0 0 0 0 0 0 0 0 
 4
0

2
2 1 
20
0 2 0 0 0 0 0 0 0 0 0 0 0 0 0 0 0 0 0 0 
 1
0

0

17
0 0 0 0 0 0 0 0 0 0 0 0 0 0 0 0 0 
 2
0

0

12
0 0 0 0 0 0 0 0 0 0 0 0 
 3
0

2
1 2 
18
0 2 0 0 0 0 0 0 0 0 0 0 0 0 0 0 0 0 
 1
0

1
2 
18
0 1 0 0 0 0 0 0 0 0 0 0 0 0 0 0 0 0 
 3
0

1
2 
16
0 0 0 1 0 0 0 0 0 0 0 0 0 0 0 0 
 1
0

1
4 
18
0 1 0 0 0 0 0 0 0 0 0 0 0 0 0 0 0 0 
 2
0

2
2 2 
12
0 2 0 0 0 0 0 0 0 0 0 0 
 3
0

1
4 
6
0 1 0 0 0 0 
 3
0

0

11
0 0 0 0 0 0 0 0 0 0 0 
 3
0

0

14
0 0 0 0 0 0 0 0 0 0 0 0 0 0 
 2
0

0

12
0 0 0 0 0 0 0 0 0 0 0 0 
 1
0

1
1 
15
0 1 0 0 0 0 0 0 0 0 0 0 0 0 0 
 1
0

1
1 
10
0 1 0 0 0 0 0 0 0 0 
 2
0

1
4 
13
0 0 1 0 0 0 0 0 0 0 0 0 0 
 2
0

1
4 
13
0 1 0 0 0 0 0 0 0 0 0 0 0 
 1
0

0

5
0 0 0 0 0 
 3
0

4
4 2 2 3 
14
0 3 1 0 0 0 0 0 0 0 0 0 0 0 
 2
0

1
3 
5
0 1 0 0 0 
 4
0

0

1
0 
 
15
4
0

2
2 0 
20
0 2 0 0 0 0 0 0 0 0 0 0 0 0 0 0 0 0 0 0 
 0
0

0

14
0 0 0 0 0 0 0 0 0 0 0 0 0 0 
 0
0

0

16
0 0 0 0 0 0 0 0 0 0 0 0 0 0 0 0 
 4
0

2
2 2 
21
0 2 0 0 0 0 0 0 0 0 0 0 0 0 0 0 0 0 0 0 0 
 0
0

1
0 
18
0 1 0 0 0 0 0 0 0 0 0 0 0 0 0 0 0 0 
 2
0

0

11
0 0 0 0 0 0 0 0 0 0 0 
 0
0

1
2 
16
0 1 0 0 0 0 0 0 0 0 0 0 0 0 0 0 
 4
0

8
2 0 0 3 4 3 2 0 
21
0 5 1 2 0 0 0 0 0 0 0 0 0 0 0 0 0 0 0 0 0 
 0
0

1
2 
14
0 1 0 0 0 0 0 0 0 0 0 0 0 0 
 3
0

1
0 
14
0 1 0 0 0 0 0 0 0 0 0 0 0 0 
 0
0

0

8
0 0 0 0 0 0 0 0 
 4
0

2
4 2 
15
0 1 0 0 1 0 0 0 0 0 0 0 0 0 0 
 2
0

0

7
0 0 0 0 0 0 0 
 4
0

1
0 
9
0 0 0 1 0 0 0 0 0 
 4
0

0

6
0 0 0 0 0 0 
 
30
1
0

1
3 
19
0 1 0 0 0 0 0 0 0 0 0 0 0 0 0 0 0 0 0 
 3
0

0

9
0 0 0 0 0 0 0 0 0 
 4
0

0

21
0 0 0 0 0 0 0 0 0 0 0 0 0 0 0 0 0 0 0 0 0 
 1
0

0

18
0 0 0 0 0 0 0 0 0 0 0 0 0 0 0 0 0 0 
 3
0

0

17
0 0 0 0 0 0 0 0 0 0 0 0 0 0 0 0 0 
 0
0

0

18
0 0 0 0 0 0 0 0 0 0 0 0 0 0 0 0 0 0 
 1
0

2
0 1 
19
0 0 2 0 0 0 0 0 0 0 0 0 0 0 0 0 0 0 0 
 1
0

0

13
0 0 0 0 0 0 0 0 0 0 0 0 0 
 0
0

0

17
0 0 0 0 0 0 0 0 0 0 0 0 0 0 0 0 0 
 1
0

0

18
0 0 0 0 0 0 0 0 0 0 0 0 0 0 0 0 0 0 
 0
0

0

15
0 0 0 0 0 0 0 0 0 0 0 0 0 0 0 
 3
0

0

16
0 0 0 0 0 0 0 0 0 0 0 0 0 0 0 0 
 0
0

0

7
0 0 0 0 0 0 0 
 3
0

0

11
0 0 0 0 0 0 0 0 0 0 0 
 4
0

1
0 
18
0 0 1 0 0 0 0 0 0 0 0 0 0 0 0 0 0 0 
 0
0

0

8
0 0 0 0 0 0 0 0 
 4
0

0

9
0 0 0 0 0 0 0 0 0 
 0
0

0

8
0 0 0 0 0 0 0 0 
 1
0

1
0 
16
0 1 0 0 0 0 0 0 0 0 0 0 0 0 0 0 
 1
0

0

10
0 0 0 0 0 0 0 0 0 0 
 4
0

3
0 0 4 
16
0 2 1 0 0 0 0 0 0 0 0 0 0 0 0 0 
 1
0

1
1 
8
0 1 0 0 0 0 0 0 
 4
0

0

8
0 0 0 0 0 0 0 0 
 4
0

0

6
0 0 0 0 0 0 
 4
0

0

1
0 
 3
0

0

7
0 0 0 0 0 0 0 
 4
0

1
3 
7
0 1 0 0 0 0 0 
 0
0

2
3 4 
9
0 2 0 0 0 0 0 0 0 
 0
0

2
4 0 
12
0 2 0 0 0 0 0 0 0 0 0 0 
 3
0

0

5
0 0 0 0 0 
 
15
0
0

0

18
0 0 0 0 0 0 0 0 0 0 0 0 0 0 0 0 0 0 
 2
0

1
2 
15
0 1 0 0 0 0 0 0 0 0 0 0 0 0 0 
 0
0

0

17
0 0 0 0 0 0 0 0 0 0 0 0 0 0 0 0 0 
 0
0

0

18
0 0 0 0 0 0 0 0 0 0 0 0 0 0 0 0 0 0 
 0
0

0

18
0 0 0 0 0 0 0 0 0 0 0 0 0 0 0 0 0 0 
 4
0

2
0 0 
21
0 2 0 0 0 0 0 0 0 0 0 0 0 0 0 0 0 0 0 0 0 
 4
0

5
2 0 2 0 2 
21
0 2 2 0 1 0 0 0 0 0 0 0 0 0 0 0 0 0 0 0 0 
 1
0

2
0 0 
18
0 0 0 2 0 0 0 0 0 0 0 0 0 0 0 0 0 0 
 1
0

1
0 
16
0 1 0 0 0 0 0 0 0 0 0 0 0 0 0 0 
 4
0

1
1 
16
0 1 0 0 0 0 0 0 0 0 0 0 0 0 0 0 
 4
0

2
0 2 
16
0 1 0 1 0 0 0 0 0 0 0 0 0 0 0 0 
 2
0

0

6
0 0 0 0 0 0 
 2
0

0

8
0 0 0 0 0 0 0 0 
 0
0

1
4 
10
0 1 0 0 0 0 0 0 0 0 
 0
0

1
2 
6
0 0 1 0 0 0 
 
12
-1
0

9
0 1 2 3 1 0 3 1 2 
23
0 8 1 0 0 0 0 0 0 0 0 0 0 0 0 0 0 0 0 0 0 0 0 
 0
0

1
2 
16
0 0 1 0 0 0 0 0 0 0 0 0 0 0 0 0 
 0
0

0

7
0 0 0 0 0 0 0 
 1
0

4
3 2 3 1 
17
0 4 0 0 0 0 0 0 0 0 0 0 0 0 0 0 0 
 0
0

0

8
0 0 0 0 0 0 0 0 
 1
0

0

13
0 0 0 0 0 0 0 0 0 0 0 0 0 
 2
0

2
1 2 
13
0 1 1 0 0 0 0 0 0 0 0 0 0 
 0
0

3
2 1 2 
10
0 1 1 1 0 0 0 0 0 0 
 0
0

1
2 
10
0 1 0 0 0 0 0 0 0 0 
 2
0

0

9
0 0 0 0 0 0 0 0 0 
 3
0

0

7
0 0 0 0 0 0 0 
 2
0

1
0 
9
0 0 0 0 0 1 0 0 0 
 
