4
13
3
0

4
1 1 1 2 
25
0 2 1 1 0 0 0 0 0 0 0 0 0 0 0 0 0 0 0 0 0 0 0 0 0 
 3
0

1
2 
26
0 1 0 0 0 0 0 0 0 0 0 0 0 0 0 0 0 0 0 0 0 0 0 0 0 0 
 1
0

0

23
0 0 0 0 0 0 0 0 0 0 0 0 0 0 0 0 0 0 0 0 0 0 0 
 1
0

0

18
0 0 0 0 0 0 0 0 0 0 0 0 0 0 0 0 0 0 
 3
0

1
1 
26
0 0 0 1 0 0 0 0 0 0 0 0 0 0 0 0 0 0 0 0 0 0 0 0 0 0 
 1
0

0

14
0 0 0 0 0 0 0 0 0 0 0 0 0 0 
 1
0

0

10
0 0 0 0 0 0 0 0 0 0 
 3
0

4
2 2 3 3 
20
0 2 2 0 0 0 0 0 0 0 0 0 0 0 0 0 0 0 0 0 
 2
0

0

13
0 0 0 0 0 0 0 0 0 0 0 0 0 
 1
0

0

13
0 0 0 0 0 0 0 0 0 0 0 0 0 
 1
0

0

13
0 0 0 0 0 0 0 0 0 0 0 0 0 
 2
0

2
2 2 
13
0 2 0 0 0 0 0 0 0 0 0 0 0 
 1
0

2
3 3 
11
0 1 1 0 0 0 0 0 0 0 0 
 
17
2
0

0

24
0 0 0 0 0 0 0 0 0 0 0 0 0 0 0 0 0 0 0 0 0 0 0 0 
 2
0

0

23
0 0 0 0 0 0 0 0 0 0 0 0 0 0 0 0 0 0 0 0 0 0 0 
 0
0

0

23
0 0 0 0 0 0 0 0 0 0 0 0 0 0 0 0 0 0 0 0 0 0 0 
 2
0

0

23
0 0 0 0 0 0 0 0 0 0 0 0 0 0 0 0 0 0 0 0 0 0 0 
 0
0

0

22
0 0 0 0 0 0 0 0 0 0 0 0 0 0 0 0 0 0 0 0 0 0 
 2
0

0

20
0 0 0 0 0 0 0 0 0 0 0 0 0 0 0 0 0 0 0 0 
 0
0

0

20
0 0 0 0 0 0 0 0 0 0 0 0 0 0 0 0 0 0 0 0 
 2
0

1
2 
20
0 1 0 0 0 0 0 0 0 0 0 0 0 0 0 0 0 0 0 0 
 2
0

0

24
0 0 0 0 0 0 0 0 0 0 0 0 0 0 0 0 0 0 0 0 0 0 0 0 
 3
0

3
0 2 0 
26
0 1 1 0 1 0 0 0 0 0 0 0 0 0 0 0 0 0 0 0 0 0 0 0 0 0 
 2
0

0

23
0 0 0 0 0 0 0 0 0 0 0 0 0 0 0 0 0 0 0 0 0 0 0 
 2
0

0

23
0 0 0 0 0 0 0 0 0 0 0 0 0 0 0 0 0 0 0 0 0 0 0 
 3
0

2
2 2 
26
0 2 0 0 0 0 0 0 0 0 0 0 0 0 0 0 0 0 0 0 0 0 0 0 0 0 
 2
0

0

20
0 0 0 0 0 0 0 0 0 0 0 0 0 0 0 0 0 0 0 0 
 0
0

2
0 0 
18
0 1 1 0 0 0 0 0 0 0 0 0 0 0 0 0 0 0 
 3
0

6
2 3 3 2 0 0 
20
0 3 1 2 0 0 0 0 0 0 0 0 0 0 0 0 0 0 0 0 
 3
0

2
3 0 
11
0 1 1 0 0 0 0 0 0 0 0 
 
19
3
0

5
1 1 1 1 1 
25
0 3 2 0 0 0 0 0 0 0 0 0 0 0 0 0 0 0 0 0 0 0 0 0 0 
 0
0

0

17
0 0 0 0 0 0 0 0 0 0 0 0 0 0 0 0 0 
 1
0

0

17
0 0 0 0 0 0 0 0 0 0 0 0 0 0 0 0 0 
 3
0

1
1 
26
0 1 0 0 0 0 0 0 0 0 0 0 0 0 0 0 0 0 0 0 0 0 0 0 0 0 
 0
0

0

23
0 0 0 0 0 0 0 0 0 0 0 0 0 0 0 0 0 0 0 0 0 0 0 
 1
0

0

21
0 0 0 0 0 0 0 0 0 0 0 0 0 0 0 0 0 0 0 0 0 
 3
0

2
1 1 
25
0 2 0 0 0 0 0 0 0 0 0 0 0 0 0 0 0 0 0 0 0 0 0 0 0 
 1
0

0

23
0 0 0 0 0 0 0 0 0 0 0 0 0 0 0 0 0 0 0 0 0 0 0 
 1
0

0

23
0 0 0 0 0 0 0 0 0 0 0 0 0 0 0 0 0 0 0 0 0 0 0 
 3
0

1
1 
23
0 1 0 0 0 0 0 0 0 0 0 0 0 0 0 0 0 0 0 0 0 0 0 
 0
0

0

18
0 0 0 0 0 0 0 0 0 0 0 0 0 0 0 0 0 0 
 1
0

0

16
0 0 0 0 0 0 0 0 0 0 0 0 0 0 0 0 
 0
0

1
0 
18
0 0 1 0 0 0 0 0 0 0 0 0 0 0 0 0 0 0 
 1
0

0

16
0 0 0 0 0 0 0 0 0 0 0 0 0 0 0 0 
 3
0

1
0 
15
0 1 0 0 0 0 0 0 0 0 0 0 0 0 0 
 0
0

0

1
0 
 0
0

1
3 
10
0 1 0 0 0 0 0 0 0 0 
 3
0

0

1
0 
 3
0

0

10
0 0 0 0 0 0 0 0 0 0 
 
9
-1
0

11
0 2 0 2 1 2 0 1 2 0 1 
28
0 8 1 0 2 0 0 0 0 0 0 0 0 0 0 0 0 0 0 0 0 0 0 0 0 0 0 0 
 1
0

0

18
0 0 0 0 0 0 0 0 0 0 0 0 0 0 0 0 0 0 
 0
0

0

16
0 0 0 0 0 0 0 0 0 0 0 0 0 0 0 0 
 0
0

0

15
0 0 0 0 0 0 0 0 0 0 0 0 0 0 0 
 1
0

2
2 1 
18
0 1 1 0 0 0 0 0 0 0 0 0 0 0 0 0 0 0 
 2
0

1
2 
10
0 1 0 0 0 0 0 0 0 0 
 1
0

1
2 
10
0 1 0 0 0 0 0 0 0 0 
 0
0

0

1
0 
 0
0

0

1
0 
 
